[2024-11-15 15:16:06] [INFO] generateGPTReply called with discordId=2, username=api, message= 

			
			
	
		2944
	설문
		  
		
	
	축의금 적게 내면 눈치 줄 것 같은 스타는?
		  
	운영자
	24/11/11
	-
	-

			
						
			  3792623
			  			  			  공지
			  			  			  			  	
								
				번개/교류회 집합 장소
					
					
																				 
												  
			  
				_극야_							  
			  24.04.09
			  19598
			  13
			  			
						
			  4168009
			  			  			  교류/교류/번개
			  			  			  			  	
													
									11. 15. 번개 리스트
					
					
																				 
												  
			  
				ㅇㅇ							  
			  09.16
			  23677
			  65
			  			
						
			  4328243
			  			  			  교류/교류/번개
			  			  			  			  	
													
									금일 저댄번개 오후9시
					
					
																				 
												  
			  
				신뢰에요							  
			  13:02
			  35
			  0
			  			
						
			  4328143
			  			  			  교류/교류/번개
			  			  			  			  	
													
									(15:30) ->벅샷 & 저댄 & 칼싸움<- (뉴디클)
					
					
																				 
					[6]							  
			  
				MissingNo							  
			  12:14
			  141
			  0
			  			
						
			  4327985
			  			  			  교류/교류/번개
			  			  			  			  	
													
									11/15 오후 11시 프리즌 번개 연병장 
					
					
																				 
					[7]							  
			  
				파랑한유							  
			  11:11
			  67
			  0
			  			
						
			  4327982
			  			  			  교류/교류/번개
			  			  			  			  	
													
									11/15 오후 9시 머더 번개 연병장 
					
					
																				 
					[4]							  
			  
				파랑한유							  
			  11:10
			  61
			  0
			  			
						
			  4327971
			  			  			  교류/교류/번개
			  			  			  			  	
													
									11/15 오후10시 미니게임+얼음땡 번개 연병장
					
					
																				 
					[4]							  
			  
				모생선							  
			  11:06
			  95
			  0
			  			
						
			  4327075
			  			  			  교류/교류/번개
			  			  			  			  	
													
									오메글 번개 펑
					
					
																				 
					[25]							  
			  
				파란색귤							  
			  11.14
			  208
			  0
			  			
						
			  4326943
			  			  			  교류/교류/번개
			  			  			  			  	
													
									2024/11/14 22:00 음교회 대기방
					
					
																				 
					[4]							  
			  
				サケカス							  
			  11.14
			  95
			  0
			  			
						
			  4326732
			  			  			  교류/교류/번개
			  			  			  			  	
													
									14일 오후 10시 프리즌 번개 연병장
					
					
																				 
					[4]							  
			  
				모생선							  
			  11.14
			  105
			  0
			  			
						
			  4326731
			  			  			  교류/교류/번개
			  			  			  			  	
													
									14일 오후 9시 머더 번개 연병장
					
					
																				 
					[2]							  
			  
				모생선							  
			  11.14
			  80
			  0
			  			
						
			  4326572
			  			  			  교류/교류/번개
			  			  			  			  	
													
									14일 23시 뉴디클 오메글(랜덤 화상 채팅) 번개
					
					
																				 
					[4]							  
			  
				파란색귤							  
			  11.14
			  251
			  0
			  			
						
			  4323739
			  			  			  교류/교류/번개
			  			  			  			  	
													
									11/13 2200 배구번개 연병장
					
					
																				 
					[3]							  
			  
				SnowFlake							  
			  11.13
			  168
			  1
			  			
						
			  4323708
			  			  			  교류/교류/번개
			  			  			  			  	
													
									11/13 14:40~15:40 개백수 근다듬번개
					
					
																				 
					[16]							  
			  
				마마밍							  
			  11.13
			  237
			  0
			  			
						
			  4323654
			  			  			  교류/교류/번개
			  			  			  			  	
													
									금일 저댄번개 오후 9시
					
					
																				 
					[3]							  
			  
				신뢰에요							  
			  11.13
			  131
			  0
			  			
						
			  4322492
			  			  			  교류/교류/번개
			  			  			  			  	
													
									음교회 연장 12시까지 구디클
					
					
																				 
					[2]							  
			  
				サケカス							  
			  11.12
			  129
			  0
			  			
						
			  4322322
			  			  			  교류/교류/번개
			  			  			  			  	
													
									프리즌번개 5분만 늦게 출발하겠습니다
					
					
																				 
					[4]							  
			  
				모생선							  
			  11.12
			  97
			  0
			  			
						
			  4322306
			  			  			  교류/교류/번개
			  			  			  			  	
													
									11.12 23시 50분 랜덤매칭번개 뉴디클
					
					
																				 
					[4]							  
			  
				도로롱시							  
			  11.12
			  289
			  0
			  			
						
			  4322157
			  			  			  교류/교류/번개
			  			  			  			  	
													
									2024/11/12 22:00 음교회 구디클
					
					
																				 
					[3]							  
			  
				サケカス							  
			  11.12
			  157
			  0
			  			
						
			  4321862
			  			  			  교류/교류/번개
			  			  			  			  	
													
									11/12 오후 9시 프리즌 번개 연병장
					
					
																				 
					[4]							  
			  
				모생선							  
			  11.12
			  141
			  0
			  			
					   , name=디씨 게시글 크롤링, responseType=json
[2024-11-15 15:16:06] [INFO] Upserting user and fetching assistantId in parallel
[2024-11-15 15:16:06] [INFO] Fetching assistantId for name: 디씨 게시글 크롤링
[2024-11-15 15:16:06] [INFO] Cached assistantId for 디씨 게시글 크롤링: asst_BMt3iDBBZM26GIVvLfjSuJoR
[2024-11-15 15:16:06] [INFO] User upserted with id=2, assistantId=asst_BMt3iDBBZM26GIVvLfjSuJoR
[2024-11-15 15:16:06] [INFO] Fetching the latest threadId for the user
[2024-11-15 15:16:06] [INFO] Retrieved threadId: thread_fsRmK99MXC2Uc9Eqsi2NUAQh
[2024-11-15 15:16:06] [INFO] Response format set to JSON
[2024-11-15 15:16:06] [INFO] Added system message for JSON response format
[2024-11-15 15:16:06] [INFO] Existing threadId found: thread_fsRmK99MXC2Uc9Eqsi2NUAQh. Adding user message to thread
[2024-11-15 15:16:07] [INFO] User message added to thread
[2024-11-15 15:16:07] [INFO] Created a new run in existing thread. runId=run_c0SCXEypun8a5BBmU7K84QJr
[2024-11-15 15:16:07] [INFO] Waiting for run completion: threadId=thread_fsRmK99MXC2Uc9Eqsi2NUAQh, runId=run_c0SCXEypun8a5BBmU7K84QJr
[2024-11-15 15:16:07] [INFO] Attempt 1 to check run status
[2024-11-15 15:16:08] [INFO] Run status: in_progress
[2024-11-15 15:16:09] [INFO] Waiting for 500ms before next attempt
[2024-11-15 15:16:09] [INFO] Attempt 2 to check run status
[2024-11-15 15:16:09] [INFO] Run status: in_progress
[2024-11-15 15:16:10] [INFO] Waiting for 750ms before next attempt
[2024-11-15 15:16:10] [INFO] Attempt 3 to check run status
[2024-11-15 15:16:10] [INFO] Run status: in_progress
[2024-11-15 15:16:11] [INFO] Waiting for 1125ms before next attempt
[2024-11-15 15:16:11] [INFO] Attempt 4 to check run status
[2024-11-15 15:16:12] [INFO] Run status: in_progress
[2024-11-15 15:16:14] [INFO] Waiting for 1687.5ms before next attempt
[2024-11-15 15:16:14] [INFO] Attempt 5 to check run status
[2024-11-15 15:16:14] [INFO] Run status: in_progress
[2024-11-15 15:16:16] [INFO] Waiting for 2000ms before next attempt
[2024-11-15 15:16:16] [INFO] Attempt 6 to check run status
[2024-11-15 15:16:16] [INFO] Run status: in_progress
[2024-11-15 15:16:18] [INFO] Waiting for 2000ms before next attempt
[2024-11-15 15:16:18] [INFO] Attempt 7 to check run status
[2024-11-15 15:16:19] [INFO] Run status: in_progress
[2024-11-15 15:16:21] [INFO] Waiting for 2000ms before next attempt
[2024-11-15 15:16:21] [INFO] Attempt 8 to check run status
[2024-11-15 15:16:21] [INFO] Run status: in_progress
[2024-11-15 15:16:23] [INFO] Waiting for 2000ms before next attempt
[2024-11-15 15:16:23] [INFO] Attempt 9 to check run status
[2024-11-15 15:16:23] [INFO] Run status: in_progress
[2024-11-15 15:16:25] [INFO] Waiting for 2000ms before next attempt
[2024-11-15 15:16:25] [INFO] Attempt 10 to check run status
[2024-11-15 15:16:25] [INFO] Run status: in_progress
[2024-11-15 15:16:27] [INFO] Waiting for 2000ms before next attempt
[2024-11-15 15:16:27] [INFO] Attempt 11 to check run status
[2024-11-15 15:16:28] [INFO] Run status: in_progress
[2024-11-15 15:16:30] [INFO] Waiting for 2000ms before next attempt
[2024-11-15 15:16:30] [INFO] Attempt 12 to check run status
[2024-11-15 15:16:30] [INFO] Run status: in_progress
[2024-11-15 15:16:32] [INFO] Waiting for 2000ms before next attempt
[2024-11-15 15:16:32] [INFO] Attempt 13 to check run status
[2024-11-15 15:16:32] [INFO] Run status: in_progress
[2024-11-15 15:16:34] [INFO] Waiting for 2000ms before next attempt
[2024-11-15 15:16:34] [INFO] Attempt 14 to check run status
[2024-11-15 15:16:34] [INFO] Run status: in_progress
[2024-11-15 15:16:36] [INFO] Waiting for 2000ms before next attempt
[2024-11-15 15:16:36] [INFO] Attempt 15 to check run status
[2024-11-15 15:16:37] [INFO] Run status: in_progress
[2024-11-15 15:16:39] [INFO] Waiting for 2000ms before next attempt
[2024-11-15 15:16:39] [INFO] Attempt 16 to check run status
[2024-11-15 15:16:39] [INFO] Run status: in_progress
[2024-11-15 15:16:41] [INFO] Waiting for 2000ms before next attempt
[2024-11-15 15:16:41] [INFO] Attempt 17 to check run status
[2024-11-15 15:16:41] [INFO] Run status: in_progress
[2024-11-15 15:16:43] [INFO] Waiting for 2000ms before next attempt
[2024-11-15 15:16:43] [INFO] Attempt 18 to check run status
[2024-11-15 15:16:44] [INFO] Run status: in_progress
[2024-11-15 15:16:46] [INFO] Waiting for 2000ms before next attempt
[2024-11-15 15:16:46] [INFO] Attempt 19 to check run status
[2024-11-15 15:16:46] [INFO] Run status: in_progress
[2024-11-15 15:16:48] [INFO] Waiting for 2000ms before next attempt
[2024-11-15 15:16:48] [INFO] Attempt 20 to check run status
[2024-11-15 15:16:48] [INFO] Run status: in_progress
[2024-11-15 15:16:50] [INFO] Waiting for 2000ms before next attempt
[2024-11-15 15:16:50] [INFO] Attempt 21 to check run status
[2024-11-15 15:16:51] [INFO] Run status: in_progress
[2024-11-15 15:16:53] [INFO] Waiting for 2000ms before next attempt
[2024-11-15 15:16:53] [INFO] Attempt 22 to check run status
[2024-11-15 15:16:53] [INFO] Run status: in_progress
[2024-11-15 15:16:55] [INFO] Waiting for 2000ms before next attempt
[2024-11-15 15:16:55] [INFO] Attempt 23 to check run status
[2024-11-15 15:16:55] [INFO] Run status: in_progress
[2024-11-15 15:17:10] [INFO] generateGPTReply called with discordId=2, username=api, message= 

			
			
	
		2944
	설문
		  
		
	
	축의금 적게 내면 눈치 줄 것 같은 스타는?
		  
	운영자
	24/11/11
	-
	-

			
						
			  3792623
			  			  			  공지
			  			  			  			  	
								
				번개/교류회 집합 장소
					
					
																				 
												  
			  
				_극야_							  
			  24.04.09
			  19598
			  13
			  			
						
			  4168009
			  			  			  교류/교류/번개
			  			  			  			  	
													
									11. 15. 번개 리스트
					
					
																				 
												  
			  
				ㅇㅇ							  
			  09.16
			  23677
			  65
			  			
						
			  4328243
			  			  			  교류/교류/번개
			  			  			  			  	
													
									금일 저댄번개 오후9시
					
					
																				 
												  
			  
				신뢰에요							  
			  13:02
			  35
			  0
			  			
						
			  4328143
			  			  			  교류/교류/번개
			  			  			  			  	
													
									(15:30) ->벅샷 & 저댄 & 칼싸움<- (뉴디클)
					
					
																				 
					[6]							  
			  
				MissingNo							  
			  12:14
			  141
			  0
			  			
						
			  4327985
			  			  			  교류/교류/번개
			  			  			  			  	
													
									11/15 오후 11시 프리즌 번개 연병장 
					
					
																				 
					[7]							  
			  
				파랑한유							  
			  11:11
			  67
			  0
			  			
						
			  4327982
			  			  			  교류/교류/번개
			  			  			  			  	
													
									11/15 오후 9시 머더 번개 연병장 
					
					
																				 
					[4]							  
			  
				파랑한유							  
			  11:10
			  61
			  0
			  			
						
			  4327971
			  			  			  교류/교류/번개
			  			  			  			  	
													
									11/15 오후10시 미니게임+얼음땡 번개 연병장
					
					
																				 
					[4]							  
			  
				모생선							  
			  11:06
			  95
			  0
			  			
						
			  4327075
			  			  			  교류/교류/번개
			  			  			  			  	
													
									오메글 번개 펑
					
					
																				 
					[25]							  
			  
				파란색귤							  
			  11.14
			  208
			  0
			  			
						
			  4326943
			  			  			  교류/교류/번개
			  			  			  			  	
													
									2024/11/14 22:00 음교회 대기방
					
					
																				 
					[4]							  
			  
				サケカス							  
			  11.14
			  95
			  0
			  			
						
			  4326732
			  			  			  교류/교류/번개
			  			  			  			  	
													
									14일 오후 10시 프리즌 번개 연병장
					
					
																				 
					[4]							  
			  
				모생선							  
			  11.14
			  105
			  0
			  			
						
			  4326731
			  			  			  교류/교류/번개
			  			  			  			  	
													
									14일 오후 9시 머더 번개 연병장
					
					
																				 
					[2]							  
			  
				모생선							  
			  11.14
			  80
			  0
			  			
						
			  4326572
			  			  			  교류/교류/번개
			  			  			  			  	
													
									14일 23시 뉴디클 오메글(랜덤 화상 채팅) 번개
					
					
																				 
					[4]							  
			  
				파란색귤							  
			  11.14
			  251
			  0
			  			
						
			  4323739
			  			  			  교류/교류/번개
			  			  			  			  	
													
									11/13 2200 배구번개 연병장
					
					
																				 
					[3]							  
			  
				SnowFlake							  
			  11.13
			  168
			  1
			  			
						
			  4323708
			  			  			  교류/교류/번개
			  			  			  			  	
													
									11/13 14:40~15:40 개백수 근다듬번개
					
					
																				 
					[16]							  
			  
				마마밍							  
			  11.13
			  237
			  0
			  			
						
			  4323654
			  			  			  교류/교류/번개
			  			  			  			  	
													
									금일 저댄번개 오후 9시
					
					
																				 
					[3]							  
			  
				신뢰에요							  
			  11.13
			  131
			  0
			  			
						
			  4322492
			  			  			  교류/교류/번개
			  			  			  			  	
													
									음교회 연장 12시까지 구디클
					
					
																				 
					[2]							  
			  
				サケカス							  
			  11.12
			  129
			  0
			  			
						
			  4322322
			  			  			  교류/교류/번개
			  			  			  			  	
													
									프리즌번개 5분만 늦게 출발하겠습니다
					
					
																				 
					[4]							  
			  
				모생선							  
			  11.12
			  97
			  0
			  			
						
			  4322306
			  			  			  교류/교류/번개
			  			  			  			  	
													
									11.12 23시 50분 랜덤매칭번개 뉴디클
					
					
																				 
					[4]							  
			  
				도로롱시							  
			  11.12
			  289
			  0
			  			
						
			  4322157
			  			  			  교류/교류/번개
			  			  			  			  	
													
									2024/11/12 22:00 음교회 구디클
					
					
																				 
					[3]							  
			  
				サケカス							  
			  11.12
			  157
			  0
			  			
						
			  4321862
			  			  			  교류/교류/번개
			  			  			  			  	
													
									11/12 오후 9시 프리즌 번개 연병장
					
					
																				 
					[4]							  
			  
				모생선							  
			  11.12
			  141
			  0
			  			
					   , name=디씨 게시글 크롤링, responseType=json
[2024-11-15 15:17:10] [INFO] Upserting user and fetching assistantId in parallel
[2024-11-15 15:17:10] [INFO] Fetching assistantId for name: 디씨 게시글 크롤링
[2024-11-15 15:17:10] [INFO] Cached assistantId for 디씨 게시글 크롤링: asst_BMt3iDBBZM26GIVvLfjSuJoR
[2024-11-15 15:17:10] [INFO] User upserted with id=2, assistantId=asst_BMt3iDBBZM26GIVvLfjSuJoR
[2024-11-15 15:17:10] [INFO] Fetching the latest threadId for the user
[2024-11-15 15:17:10] [INFO] Retrieved threadId: thread_fsRmK99MXC2Uc9Eqsi2NUAQh
[2024-11-15 15:17:10] [INFO] Response format set to JSON
[2024-11-15 15:17:10] [INFO] Added system message for JSON response format
[2024-11-15 15:17:10] [INFO] Existing threadId found: thread_fsRmK99MXC2Uc9Eqsi2NUAQh. Adding user message to thread
[2024-11-15 15:17:10] [INFO] User message added to thread
[2024-11-15 15:17:11] [INFO] Created a new run in existing thread. runId=run_eJa3SWoStNXsOMA6jleHRZsD
[2024-11-15 15:17:11] [INFO] Waiting for run completion: threadId=thread_fsRmK99MXC2Uc9Eqsi2NUAQh, runId=run_eJa3SWoStNXsOMA6jleHRZsD
[2024-11-15 15:17:11] [INFO] Attempt 1 to check run status
[2024-11-15 15:17:11] [INFO] Run status: queued
[2024-11-15 15:17:12] [INFO] Waiting for 500ms before next attempt
[2024-11-15 15:17:12] [INFO] Attempt 2 to check run status
[2024-11-15 15:17:12] [INFO] Run status: in_progress
[2024-11-15 15:17:13] [INFO] Waiting for 750ms before next attempt
[2024-11-15 15:17:13] [INFO] Attempt 3 to check run status
[2024-11-15 15:17:13] [INFO] Run status: in_progress
[2024-11-15 15:17:14] [INFO] Waiting for 1125ms before next attempt
[2024-11-15 15:17:14] [INFO] Attempt 4 to check run status
[2024-11-15 15:17:14] [INFO] Run status: in_progress
