2024-11-15 15:36:14 [ERROR] : uncaughtException: listen EADDRINUSE: address already in use :::3000
Error: listen EADDRINUSE: address already in use :::3000
    at Server.setupListenHandle [as _listen2] (node:net:1817:16)
    at listenInCluster (node:net:1865:12)
    at Server.listen (node:net:1953:7)
    at Function.listen (D:\Dev\study\hirami-discord-js\node_modules\express\lib\application.js:635:24)
    at startServer (D:\Dev\study\hirami-discord-js\src\app.ts:54:9)
    at Object.<anonymous> (D:\Dev\study\hirami-discord-js\src\app.ts:76:1)
    at Module._compile (node:internal/modules/cjs/loader:1364:14)
    at Module.m._compile (D:\Dev\study\hirami-discord-js\node_modules\ts-node\src\index.ts:1618:23)
    at Module._extensions..js (node:internal/modules/cjs/loader:1422:10)
    at Object.require.extensions.<computed> [as .ts] (D:\Dev\study\hirami-discord-js\node_modules\ts-node\src\index.ts:1621:12)
2024-11-15 15:36:30 [ERROR] : uncaughtException: listen EADDRINUSE: address already in use :::3000
Error: listen EADDRINUSE: address already in use :::3000
    at Server.setupListenHandle [as _listen2] (node:net:1817:16)
    at listenInCluster (node:net:1865:12)
    at Server.listen (node:net:1953:7)
    at Function.listen (D:\Dev\study\hirami-discord-js\node_modules\express\lib\application.js:635:24)
    at startServer (D:\Dev\study\hirami-discord-js\src\app.ts:54:9)
    at Object.<anonymous> (D:\Dev\study\hirami-discord-js\src\app.ts:76:1)
    at Module._compile (node:internal/modules/cjs/loader:1364:14)
    at Module.m._compile (D:\Dev\study\hirami-discord-js\node_modules\ts-node\src\index.ts:1618:23)
    at Module._extensions..js (node:internal/modules/cjs/loader:1422:10)
    at Object.require.extensions.<computed> [as .ts] (D:\Dev\study\hirami-discord-js\node_modules\ts-node\src\index.ts:1621:12)
2024-11-15 15:38:00 [ERROR] : uncaughtException: listen EADDRINUSE: address already in use :::3000
Error: listen EADDRINUSE: address already in use :::3000
    at Server.setupListenHandle [as _listen2] (node:net:1817:16)
    at listenInCluster (node:net:1865:12)
    at Server.listen (node:net:1953:7)
    at Function.listen (D:\Dev\study\hirami-discord-js\node_modules\express\lib\application.js:635:24)
    at startServer (D:\Dev\study\hirami-discord-js\src\app.ts:54:9)
    at Object.<anonymous> (D:\Dev\study\hirami-discord-js\src\app.ts:76:1)
    at Module._compile (node:internal/modules/cjs/loader:1364:14)
    at Module.m._compile (D:\Dev\study\hirami-discord-js\node_modules\ts-node\src\index.ts:1618:23)
    at Module._extensions..js (node:internal/modules/cjs/loader:1422:10)
    at Object.require.extensions.<computed> [as .ts] (D:\Dev\study\hirami-discord-js\node_modules\ts-node\src\index.ts:1621:12)
2024-11-15 15:39:13 [ERROR] : uncaughtException: listen EADDRINUSE: address already in use :::3000
Error: listen EADDRINUSE: address already in use :::3000
    at Server.setupListenHandle [as _listen2] (node:net:1817:16)
    at listenInCluster (node:net:1865:12)
    at Server.listen (node:net:1953:7)
    at Function.listen (D:\Dev\study\hirami-discord-js\node_modules\express\lib\application.js:635:24)
    at startServer (D:\Dev\study\hirami-discord-js\src\app.ts:54:9)
    at Object.<anonymous> (D:\Dev\study\hirami-discord-js\src\app.ts:76:1)
    at Module._compile (node:internal/modules/cjs/loader:1364:14)
    at Module.m._compile (D:\Dev\study\hirami-discord-js\node_modules\ts-node\src\index.ts:1618:23)
    at Module._extensions..js (node:internal/modules/cjs/loader:1422:10)
    at Object.require.extensions.<computed> [as .ts] (D:\Dev\study\hirami-discord-js\node_modules\ts-node\src\index.ts:1621:12)
2024-11-15 15:57:54 [ERROR] : uncaughtException: listen EADDRINUSE: address already in use :::3000
Error: listen EADDRINUSE: address already in use :::3000
    at Server.setupListenHandle [as _listen2] (node:net:1817:16)
    at listenInCluster (node:net:1865:12)
    at Server.listen (node:net:1953:7)
    at Function.listen (D:\Dev\study\hirami-discord-js\node_modules\express\lib\application.js:635:24)
    at startServer (D:\Dev\study\hirami-discord-js\src\app.ts:54:9)
    at Object.<anonymous> (D:\Dev\study\hirami-discord-js\src\app.ts:76:1)
    at Module._compile (node:internal/modules/cjs/loader:1364:14)
    at Module.m._compile (D:\Dev\study\hirami-discord-js\node_modules\ts-node\src\index.ts:1618:23)
    at Module._extensions..js (node:internal/modules/cjs/loader:1422:10)
    at Object.require.extensions.<computed> [as .ts] (D:\Dev\study\hirami-discord-js\node_modules\ts-node\src\index.ts:1621:12)
